./document.err errors


== AsciiDoc Input

(ID _concept): Section not marked up as [bibliography]!
	#<Asciidoctor::Section@504340 {level: 3, title: "Concept", blocks: 1}>
(ID _terms_and_definitions): Section not marked up as [bibliography]!
	#<Asciidoctor::Section@504320 {level: 2, title: "Terms and definitions", blocks: 3}>


== Metanorma XML Style Warning

(XML Line 000086): Table should have title
	<table id="_a5e8be4b-bcd6-e9e7-7e15-25bf2aa8a314" unnumbered="true">
	<tbody>
	<tr>
	<td valign="middle" align="left">Name</td>
	<td valign="middle" align="left">Affiliation</td>
(XML Line 000127): Hanging paragraph in clause
	<clause id="references" obligation="informative"><title>Normative references</title><p id="_98687d0e-9077-1fe2-964b-d693dd83070f">The following documents are referred to in the text in such a way that some or all of their content constitutes requirements of this document. For dated references, only the edition cited applies. For undated references, the latest edition of the referenced document (including any amendments) applies.</p> <bibitem id="OGC_08-131r3" type="standard">  <fetched>2022-02-15</fetched>  <title type="title-intro" format="text/plain" language="en" script="Latn">The Specification Model</title>  <title type="title-main" format="text/plain" language="en" script="Latn">Standard for Modular specifications</title>  <title type="main" format="text/plain" language="en" script="Latn">The Specification Model — Standard for Modular specifications</title>  <uri type="obp">https://portal.ogc.org/files/?artifact_id=34762&amp;version=2</uri>  <docidentifier type="OGC" primary="true">08-131r3</docidentifier>  <date type="published">    <on>2009-10-19</on>  </date>  <contributor>    <role type="author"/>    <person>      <name>        <completename>Policy SWG</completename>      </name>    </person>  </contributor>  <contributor>    <role type="publisher"/>    <organization>      <name>Open Geospatial Consortium</name>    </organization>  </contributor>  <edition>3</edition>  <language>en</language>  <script>Latn</script>  <abstract format="text/plain" language="en" script="Latn">This standard contains requirements for writing standards to be used for any document whose eventual purpose is the specification of requirements for software, services or data structures. </abstract>  </bibitem> <bibitem id="OGC_06-121r9" type="standard">  <fetched>2022-02-15</fetched>  <title type="title-main" format="text/plain" language="en" script="Latn">OGC Web Service Common Implementation Specification</title>  <title type="main" format="text/plain" language="en" script="Latn">OGC Web Service Common Implementation Specification</title>  <uri type="obp">https://portal.ogc.org/files/?artifact_id=38867</uri>  <docidentifier type="OGC" primary="true">06-121r9</docidentifier>  <date type="published">    <on>2010-04-07</on>  </date>  <contributor>    <role type="author"/>    <person>      <name>        <completename>Arliss Whiteside Jim Greenwood </completename>      </name>    </person>  </contributor>  <contributor>    <role type="publisher"/>    <organization>      <name>Open Geospatial Consortium</name>    </organization>  </contributor>  <edition>9</edition>  <language>en</language>  <script>Latn</script>  <abstract format="text/plain" language="en" script="Latn">This document specifies many of the aspects that are, or should be, common to all or multiple OGC Web Service (OWS) interface Implementation Standards. These common aspects are primarily some of the parameters and data structures used in operation requests and responses. Of course, each such Implementation Standard must specify the additional aspects of that interface, including specifying all additional parameters and data structures needed in all operation requests and responses.</abstract>  </bibitem>
	<clause id="_terms_and_definitions" obligation="informative"><title>Terms and definitions</title><references id="_concept" normative="true" obligation="informative">
	<title>Concept</title>
	<p id="_52ef8c03-abb2-f8e3-7992-0121177860ed">unit of knowledge created by a unique combination of characteristics (source: ISO 1087‑1:2000)</p>
	</references>
(XML Line 000128): Hanging paragraph in clause
	<clause id="_terms_and_definitions" obligation="informative"><title>Terms and definitions</title><references id="_concept" normative="true" obligation="informative">
	<title>Concept</title>
	<p id="_52ef8c03-abb2-f8e3-7992-0121177860ed">unit of knowledge created by a unique combination of characteristics (source: ISO 1087‑1:2000)</p>
	</references>
	<clause id="_control_body" obligation="informative">
(XML Line 000142): Hanging paragraph in clause
	<clause id="naming_rule" obligation="normative"><title>Naming Rule</title><p id="_80da9ecb-9390-4c2b-371d-93863253afc0">This section describes the naming rule.</p>
	<clause id="_ogc_name_schemes" obligation="normative"><title>OGC name schemes</title><p id="_2aa5d2ec-472e-562c-2507-68c7f9b38451">Two URI schemes <link target="https://datatracker.ietf.org/doc/html/rfc3986">IETF RFC 3986</link> are defined by OGC to provide persistent names for resources of interest in geographic information infrastructures. The generic syntax for OGC names is described in <link target="https://docs.opengeospatial.org/pol/09-046r6.html">OGC Naming Authority – Procedures</link>.</p>
	<p id="_18279dba-9a04-a122-990d-1c383830f147">The generic syntax for OGC http URIs is</p>
	<sourcecode id="_b46a6c51-221c-1f77-4fc8-e740df34f4af" unnumbered="true">  URI = "http://www.opengis.net/" OGCResource "/" ResourceSpecificPath</sourcecode>
	
(XML Line 000187): Hanging paragraph in clause
	<clause id="_compact_uris" obligation="normative"><title>Compact URIs</title><p id="_4ceaa8b2-8c02-9485-ef16-dd4c1425665c">Compact URIs (<link target="https://www.w3.org/TR/curie/#P_curie">CURIEs</link>) are an abbreviation for strings that are intended to represent URIs. Their purpose is to support the definition of scoped names that map to URIs.</p>
	<p id="_2a208d48-0e54-da62-5396-089591592f2a">The URI of <strong>any</strong> definition registered in OGC-NA controlled registers may be represented in shortened form through use of CURIEs.</p>
	<clause id="_register_of_curies" obligation="normative"><title>Register of CURIEs</title><p id="_71cee975-22bf-dfc7-81e8-74daa5d279f8">The OGC-NA maintains a register of CURIEs at <link target="http://www.opengis.net/def/curie"/>. The register shall be used as a look-up for CURIEs commonly used in OGC Standards.</p>
	<p id="_bb585508-bc26-c90c-6c81-e88fd6e79e6d">CURIEs recorded in the register shall be treated as case sensitive.</p></clause>
	<clause id="_use_of_safe_curies" obligation="normative">
(XML Line 000213): Hanging paragraph in clause
	<clause id="name_assignment" obligation="normative"><title>Name Assignment and Resolution</title><p id="_7ddd8cb4-76ee-4a66-3921-6d0e40811f82">This section describes the name assignment policy.</p>
	<clause id="_definition_types" obligation="normative">
	<title>Definition types</title>
	<p id="_79339d46-2297-5f5b-6ca9-66609d4ab8f5">The register of definition types <link target="http://www.opengis.net/register/ogc-na/def-type"/> is controlled by OGC-NA. Changes to this register (additions, deletions, and supersession) shall be initiated by a submission to the OGC Naming Authority <link target="mailto:names@opengeospatial.org"/>.</p>
	</clause>
(XML Line 000337): Table should have title
	<table id="_f884aff8-6120-b6ae-ebe2-8427edaa0e61" width="90%">
	<thead>
	<tr>
	<th valign="middle" align="left">Date</th>
	<th valign="middle" align="left">Release</th>


== Metanorma XML Syntax

(XML Line 000196:104): element "clause" not allowed here; expected the element end-tag or element "submitters"
(XML Line 000416:143): value of attribute "obligation" is invalid; must be equal to "informative" or "normative"
(XML Line 000416:66): value of attribute "obligation" is invalid; must be equal to "informative" or "normative"
(XML Line 000420:78): value of attribute "obligation" is invalid; must be equal to "informative" or "normative"
(XML Line 000429:54): value of attribute "obligation" is invalid; must be equal to "informative" or "normative"
(XML Line 000431:77): value of attribute "obligation" is invalid; must be equal to "informative" or "normative"
(XML Line 000536:1786): element "bibitem" not allowed here; expected the element end-tag or element "admonition", "bookmark", "clause", "dl", "example", "figure", "form", "formula", "hr", "imagemap", "note", "ol", "p", "pagebreak", "passthrough", "permission", "pre", "quote", "recommendation", "references", "requirement", "review", "sourcecode", "svgmap", "table", "toc" or "ul"
(XML Line 000536:503): element "bibitem" not allowed here; expected the element end-tag or element "admonition", "bookmark", "clause", "dl", "example", "figure", "form", "formula", "hr", "imagemap", "note", "ol", "p", "pagebreak", "passthrough", "permission", "pre", "quote", "recommendation", "references", "requirement", "review", "sourcecode", "svgmap", "table", "toc" or "ul"
(XML Line 000541:53): element "clause" not allowed here; expected the element end-tag or element "references"
(XML Line 000545:49): element "clause" not allowed here; expected the element end-tag or element "references"
